<?xml version="1.0" encoding="UTF-8"?><testrun name="TestRunner (2)" project="Selenium_Todos_Project_Test" tests="1" started="1" failures="0" errors="1" ignored="0">
  <testsuite name="runner.TestRunner" time="0.0">
    <testcase name="initializationError" classname="runner.TestRunner" time="0.0">
      <error>cucumber.runtime.CucumberException: java.util.regex.PatternSyntaxException: Illegal repetition near index 14&#13;
^Enter valid {value} and {value2}  on empty text box and Hit Enter button$&#13;
              ^&#13;
	at cucumber.runtime.java.JavaBackend.addStepDefinition(JavaBackend.java:96)&#13;
	at cucumber.runtime.java.ClasspathMethodScanner.scan(ClasspathMethodScanner.java:68)&#13;
	at cucumber.runtime.java.ClasspathMethodScanner.scan(ClasspathMethodScanner.java:41)&#13;
	at cucumber.runtime.java.JavaBackend.loadGlue(JavaBackend.java:53)&#13;
	at cucumber.runtime.Runtime.&lt;init&gt;(Runtime.java:74)&#13;
	at cucumber.runtime.Runtime.&lt;init&gt;(Runtime.java:61)&#13;
	at cucumber.api.junit.Cucumber.&lt;init&gt;(Cucumber.java:59)&#13;
	at java.base/jdk.internal.reflect.NativeConstructorAccessorImpl.newInstance0(Native Method)&#13;
	at java.base/jdk.internal.reflect.NativeConstructorAccessorImpl.newInstance(NativeConstructorAccessorImpl.java:64)&#13;
	at java.base/jdk.internal.reflect.DelegatingConstructorAccessorImpl.newInstance(DelegatingConstructorAccessorImpl.java:45)&#13;
	at java.base/java.lang.reflect.Constructor.newInstanceWithCaller(Constructor.java:500)&#13;
	at java.base/java.lang.reflect.Constructor.newInstance(Constructor.java:481)&#13;
	at org.junit.internal.builders.AnnotatedBuilder.buildRunner(AnnotatedBuilder.java:29)&#13;
	at org.junit.internal.builders.AnnotatedBuilder.runnerForClass(AnnotatedBuilder.java:21)&#13;
	at org.junit.runners.model.RunnerBuilder.safeRunnerForClass(RunnerBuilder.java:59)&#13;
	at org.junit.internal.builders.AllDefaultPossibilitiesBuilder.runnerForClass(AllDefaultPossibilitiesBuilder.java:26)&#13;
	at org.junit.runners.model.RunnerBuilder.safeRunnerForClass(RunnerBuilder.java:59)&#13;
	at org.junit.internal.requests.ClassRequest.getRunner(ClassRequest.java:26)&#13;
	at org.eclipse.jdt.internal.junit4.runner.JUnit4TestLoader.createUnfilteredTest(JUnit4TestLoader.java:90)&#13;
	at org.eclipse.jdt.internal.junit4.runner.JUnit4TestLoader.createTest(JUnit4TestLoader.java:76)&#13;
	at org.eclipse.jdt.internal.junit4.runner.JUnit4TestLoader.loadTests(JUnit4TestLoader.java:49)&#13;
	at org.eclipse.jdt.internal.junit.runner.RemoteTestRunner.runTests(RemoteTestRunner.java:526)&#13;
	at org.eclipse.jdt.internal.junit.runner.RemoteTestRunner.runTests(RemoteTestRunner.java:770)&#13;
	at org.eclipse.jdt.internal.junit.runner.RemoteTestRunner.run(RemoteTestRunner.java:464)&#13;
	at org.eclipse.jdt.internal.junit.runner.RemoteTestRunner.main(RemoteTestRunner.java:210)&#13;
Caused by: java.util.regex.PatternSyntaxException: Illegal repetition near index 14&#13;
^Enter valid {value} and {value2}  on empty text box and Hit Enter button$&#13;
              ^&#13;
	at java.base/java.util.regex.Pattern.error(Pattern.java:2028)&#13;
	at java.base/java.util.regex.Pattern.closure(Pattern.java:3374)&#13;
	at java.base/java.util.regex.Pattern.sequence(Pattern.java:2229)&#13;
	at java.base/java.util.regex.Pattern.expr(Pattern.java:2069)&#13;
	at java.base/java.util.regex.Pattern.compile(Pattern.java:1783)&#13;
	at java.base/java.util.regex.Pattern.&lt;init&gt;(Pattern.java:1430)&#13;
	at java.base/java.util.regex.Pattern.compile(Pattern.java:1069)&#13;
	at cucumber.runtime.java.JavaBackend.pattern(JavaBackend.java:103)&#13;
	at cucumber.runtime.java.JavaBackend.addStepDefinition(JavaBackend.java:92)&#13;
	... 24 more&#13;
&#13;
</error>
    </testcase>
  </testsuite>
</testrun>
